[0.123s] DEBUG:colcon:Command line arguments: ['/usr/bin/colcon', 'list', '-p', '--base-paths', '/home/bedylmz/Desktop/hw4', '--log-base', '/dev/null']
[0.123s] DEBUG:colcon:Parsed command line arguments: Namespace(log_base=None, log_level=None, verb_name='list', build_base='build', ignore_user_meta=False, metas=['./colcon.meta'], base_paths=['/home/bedylmz/Desktop/hw4', '--log-base', '/dev/null'], packages_ignore=None, packages_ignore_regex=None, paths=None, packages_up_to=None, packages_up_to_regex=None, packages_above=None, packages_above_and_dependencies=None, packages_above_depth=None, packages_select_by_dep=None, packages_skip_by_dep=None, packages_skip_up_to=None, packages_select_build_failed=False, packages_skip_build_finished=False, packages_select_test_failures=False, packages_skip_test_passed=False, packages_select=None, packages_skip=None, packages_select_regex=None, packages_skip_regex=None, packages_start=None, packages_end=None, allow_overriding=[], topological_order=False, names_only=False, paths_only=True, topological_graph=False, topological_graph_dot=False, topological_graph_density=False, topological_graph_legend=False, topological_graph_dot_cluster=False, topological_graph_dot_include_skipped=False, verb_parser=<colcon_defaults.argument_parser.defaults.DefaultArgumentsDecorator object at 0x79546171d900>, verb_extension=<colcon_package_information.verb.list.ListVerb object at 0x79546186a260>, main=<bound method ListVerb.main of <colcon_package_information.verb.list.ListVerb object at 0x79546186a260>>)
[0.315s] Level 1:colcon.colcon_core.package_discovery:discover_packages(colcon_meta) check parameters
[0.315s] Level 1:colcon.colcon_core.package_discovery:discover_packages(recursive) check parameters
[0.315s] Level 1:colcon.colcon_core.package_discovery:discover_packages(ignore) check parameters
[0.315s] Level 1:colcon.colcon_core.package_discovery:discover_packages(path) check parameters
[0.315s] Level 1:colcon.colcon_core.package_discovery:discover_packages(recursive) discover
[0.315s] INFO:colcon.colcon_core.package_discovery:Crawling recursively for packages in '/home/bedylmz/Desktop/hw4', '/home/bedylmz/Desktop/hw4/--log-base', '/dev/null'
[0.315s] Level 1:colcon.colcon_core.package_identification:_identify(/home/bedylmz/Desktop/hw4) by extensions ['ignore', 'ignore_ament_install']
[0.316s] Level 1:colcon.colcon_core.package_identification:_identify(/home/bedylmz/Desktop/hw4) by extension 'ignore'
[0.316s] Level 1:colcon.colcon_core.package_identification:_identify(/home/bedylmz/Desktop/hw4) by extension 'ignore_ament_install'
[0.316s] Level 1:colcon.colcon_core.package_identification:_identify(/home/bedylmz/Desktop/hw4) by extensions ['colcon_pkg']
[0.316s] Level 1:colcon.colcon_core.package_identification:_identify(/home/bedylmz/Desktop/hw4) by extension 'colcon_pkg'
[0.316s] Level 1:colcon.colcon_core.package_identification:_identify(/home/bedylmz/Desktop/hw4) by extensions ['colcon_meta']
[0.316s] Level 1:colcon.colcon_core.package_identification:_identify(/home/bedylmz/Desktop/hw4) by extension 'colcon_meta'
[0.316s] Level 1:colcon.colcon_core.package_identification:_identify(/home/bedylmz/Desktop/hw4) by extensions ['ros']
[0.316s] Level 1:colcon.colcon_core.package_identification:_identify(/home/bedylmz/Desktop/hw4) by extension 'ros'
[0.331s] Level 1:colcon.colcon_core.package_identification:_identify(/home/bedylmz/Desktop/hw4) by extensions ['cmake', 'python']
[0.331s] Level 1:colcon.colcon_core.package_identification:_identify(/home/bedylmz/Desktop/hw4) by extension 'cmake'
[0.331s] Level 1:colcon.colcon_core.package_identification:_identify(/home/bedylmz/Desktop/hw4) by extension 'python'
[0.331s] Level 1:colcon.colcon_core.package_identification:_identify(/home/bedylmz/Desktop/hw4) by extensions ['python_setup_py']
[0.331s] Level 1:colcon.colcon_core.package_identification:_identify(/home/bedylmz/Desktop/hw4) by extension 'python_setup_py'
[0.331s] Level 1:colcon.colcon_core.package_identification:_identify(/home/bedylmz/Desktop/hw4/build) by extensions ['ignore', 'ignore_ament_install']
[0.331s] Level 1:colcon.colcon_core.package_identification:_identify(/home/bedylmz/Desktop/hw4/build) by extension 'ignore'
[0.331s] Level 1:colcon.colcon_core.package_identification:_identify(/home/bedylmz/Desktop/hw4/build) ignored
[0.331s] Level 1:colcon.colcon_core.package_identification:_identify(/home/bedylmz/Desktop/hw4/install) by extensions ['ignore', 'ignore_ament_install']
[0.332s] Level 1:colcon.colcon_core.package_identification:_identify(/home/bedylmz/Desktop/hw4/install) by extension 'ignore'
[0.332s] Level 1:colcon.colcon_core.package_identification:_identify(/home/bedylmz/Desktop/hw4/install) ignored
[0.332s] Level 1:colcon.colcon_core.package_identification:_identify(/home/bedylmz/Desktop/hw4/log) by extensions ['ignore', 'ignore_ament_install']
[0.332s] Level 1:colcon.colcon_core.package_identification:_identify(/home/bedylmz/Desktop/hw4/log) by extension 'ignore'
[0.332s] Level 1:colcon.colcon_core.package_identification:_identify(/home/bedylmz/Desktop/hw4/log) ignored
[0.332s] Level 1:colcon.colcon_core.package_identification:_identify(/home/bedylmz/Desktop/hw4/src) by extensions ['ignore', 'ignore_ament_install']
[0.332s] Level 1:colcon.colcon_core.package_identification:_identify(/home/bedylmz/Desktop/hw4/src) by extension 'ignore'
[0.332s] Level 1:colcon.colcon_core.package_identification:_identify(/home/bedylmz/Desktop/hw4/src) by extension 'ignore_ament_install'
[0.332s] Level 1:colcon.colcon_core.package_identification:_identify(/home/bedylmz/Desktop/hw4/src) by extensions ['colcon_pkg']
[0.332s] Level 1:colcon.colcon_core.package_identification:_identify(/home/bedylmz/Desktop/hw4/src) by extension 'colcon_pkg'
[0.332s] Level 1:colcon.colcon_core.package_identification:_identify(/home/bedylmz/Desktop/hw4/src) by extensions ['colcon_meta']
[0.332s] Level 1:colcon.colcon_core.package_identification:_identify(/home/bedylmz/Desktop/hw4/src) by extension 'colcon_meta'
[0.332s] Level 1:colcon.colcon_core.package_identification:_identify(/home/bedylmz/Desktop/hw4/src) by extensions ['ros']
[0.332s] Level 1:colcon.colcon_core.package_identification:_identify(/home/bedylmz/Desktop/hw4/src) by extension 'ros'
[0.333s] Level 1:colcon.colcon_core.package_identification:_identify(/home/bedylmz/Desktop/hw4/src) by extensions ['cmake', 'python']
[0.333s] Level 1:colcon.colcon_core.package_identification:_identify(/home/bedylmz/Desktop/hw4/src) by extension 'cmake'
[0.333s] Level 1:colcon.colcon_core.package_identification:_identify(/home/bedylmz/Desktop/hw4/src) by extension 'python'
[0.333s] Level 1:colcon.colcon_core.package_identification:_identify(/home/bedylmz/Desktop/hw4/src) by extensions ['python_setup_py']
[0.333s] Level 1:colcon.colcon_core.package_identification:_identify(/home/bedylmz/Desktop/hw4/src) by extension 'python_setup_py'
[0.333s] Level 1:colcon.colcon_core.package_identification:_identify(/home/bedylmz/Desktop/hw4/src/move_robot) by extensions ['ignore', 'ignore_ament_install']
[0.333s] Level 1:colcon.colcon_core.package_identification:_identify(/home/bedylmz/Desktop/hw4/src/move_robot) by extension 'ignore'
[0.333s] Level 1:colcon.colcon_core.package_identification:_identify(/home/bedylmz/Desktop/hw4/src/move_robot) by extension 'ignore_ament_install'
[0.333s] Level 1:colcon.colcon_core.package_identification:_identify(/home/bedylmz/Desktop/hw4/src/move_robot) by extensions ['colcon_pkg']
[0.333s] Level 1:colcon.colcon_core.package_identification:_identify(/home/bedylmz/Desktop/hw4/src/move_robot) by extension 'colcon_pkg'
[0.333s] Level 1:colcon.colcon_core.package_identification:_identify(/home/bedylmz/Desktop/hw4/src/move_robot) by extensions ['colcon_meta']
[0.333s] Level 1:colcon.colcon_core.package_identification:_identify(/home/bedylmz/Desktop/hw4/src/move_robot) by extension 'colcon_meta'
[0.333s] Level 1:colcon.colcon_core.package_identification:_identify(/home/bedylmz/Desktop/hw4/src/move_robot) by extensions ['ros']
[0.333s] Level 1:colcon.colcon_core.package_identification:_identify(/home/bedylmz/Desktop/hw4/src/move_robot) by extension 'ros'
[0.337s] DEBUG:colcon.colcon_core.package_identification:Package '/home/bedylmz/Desktop/hw4/src/move_robot' with type 'ros.ament_python' and name 'move_robot'
[0.337s] Level 1:colcon.colcon_core.package_discovery:discover_packages(recursive) using defaults
