running develop
running egg_info
creating move_robot.egg-info
writing move_robot.egg-info/PKG-INFO
writing dependency_links to move_robot.egg-info/dependency_links.txt
writing entry points to move_robot.egg-info/entry_points.txt
writing requirements to move_robot.egg-info/requires.txt
writing top-level names to move_robot.egg-info/top_level.txt
writing manifest file 'move_robot.egg-info/SOURCES.txt'
reading manifest file 'move_robot.egg-info/SOURCES.txt'
writing manifest file 'move_robot.egg-info/SOURCES.txt'
running build_ext
Creating /home/bedylmz/Desktop/hw4/install/move_robot/lib/python3.10/site-packages/move-robot.egg-link (link to .)
Installing move_forward script to /home/bedylmz/Desktop/hw4/install/move_robot/lib/move_robot

Installed /home/bedylmz/Desktop/hw4/build/move_robot
running symlink_data
creating /home/bedylmz/Desktop/hw4/install/move_robot/share/ament_index
creating /home/bedylmz/Desktop/hw4/install/move_robot/share/ament_index/resource_index
creating /home/bedylmz/Desktop/hw4/install/move_robot/share/ament_index/resource_index/packages
symbolically linking /home/bedylmz/Desktop/hw4/build/move_robot/resource/move_robot -> /home/bedylmz/Desktop/hw4/install/move_robot/share/ament_index/resource_index/packages
symbolically linking /home/bedylmz/Desktop/hw4/build/move_robot/package.xml -> /home/bedylmz/Desktop/hw4/install/move_robot/share/move_robot
