[1.237s] Invoking command in '/home/bedylmz/Desktop/hw4/build/move_robot': PYTHONPATH=/home/bedylmz/Desktop/hw4/build/move_robot/prefix_override:/usr/lib/python3/dist-packages/colcon_core/task/python/colcon_distutils_commands:/home/bedylmz/Desktop/hw4/install/move_robot/lib/python3.10/site-packages:${PYTHONPATH} /usr/bin/python3 -W ignore:setup.py install is deprecated -W ignore:easy_install command is deprecated setup.py develop --editable --build-directory /home/bedylmz/Desktop/hw4/build/move_robot/build --no-deps symlink_data
[1.463s] running develop
[1.611s] running egg_info
[1.611s] creating move_robot.egg-info
[1.611s] writing move_robot.egg-info/PKG-INFO
[1.611s] writing dependency_links to move_robot.egg-info/dependency_links.txt
[1.611s] writing entry points to move_robot.egg-info/entry_points.txt
[1.611s] writing requirements to move_robot.egg-info/requires.txt
[1.612s] writing top-level names to move_robot.egg-info/top_level.txt
[1.612s] writing manifest file 'move_robot.egg-info/SOURCES.txt'
[1.613s] reading manifest file 'move_robot.egg-info/SOURCES.txt'
[1.613s] writing manifest file 'move_robot.egg-info/SOURCES.txt'
[1.615s] running build_ext
[1.615s] Creating /home/bedylmz/Desktop/hw4/install/move_robot/lib/python3.10/site-packages/move-robot.egg-link (link to .)
[1.615s] Installing move_forward script to /home/bedylmz/Desktop/hw4/install/move_robot/lib/move_robot
[1.616s] 
[1.616s] Installed /home/bedylmz/Desktop/hw4/build/move_robot
[1.616s] running symlink_data
[1.616s] creating /home/bedylmz/Desktop/hw4/install/move_robot/share/ament_index
[1.616s] creating /home/bedylmz/Desktop/hw4/install/move_robot/share/ament_index/resource_index
[1.616s] creating /home/bedylmz/Desktop/hw4/install/move_robot/share/ament_index/resource_index/packages
[1.616s] symbolically linking /home/bedylmz/Desktop/hw4/build/move_robot/resource/move_robot -> /home/bedylmz/Desktop/hw4/install/move_robot/share/ament_index/resource_index/packages
[1.616s] symbolically linking /home/bedylmz/Desktop/hw4/build/move_robot/package.xml -> /home/bedylmz/Desktop/hw4/install/move_robot/share/move_robot
[1.644s] Invoked command in '/home/bedylmz/Desktop/hw4/build/move_robot' returned '0': PYTHONPATH=/home/bedylmz/Desktop/hw4/build/move_robot/prefix_override:/usr/lib/python3/dist-packages/colcon_core/task/python/colcon_distutils_commands:/home/bedylmz/Desktop/hw4/install/move_robot/lib/python3.10/site-packages:${PYTHONPATH} /usr/bin/python3 -W ignore:setup.py install is deprecated -W ignore:easy_install command is deprecated setup.py develop --editable --build-directory /home/bedylmz/Desktop/hw4/build/move_robot/build --no-deps symlink_data
