[0.087s] DEBUG:colcon:Command line arguments: ['/usr/bin/colcon', 'build', '--symlink-install']
[0.087s] DEBUG:colcon:Parsed command line arguments: Namespace(log_base=None, log_level=None, verb_name='build', build_base='build', install_base='install', merge_install=False, symlink_install=True, test_result_base=None, continue_on_error=False, executor='parallel', parallel_workers=12, event_handlers=None, ignore_user_meta=False, metas=['./colcon.meta'], base_paths=['.'], packages_ignore=None, packages_ignore_regex=None, paths=None, packages_up_to=None, packages_up_to_regex=None, packages_above=None, packages_above_and_dependencies=None, packages_above_depth=None, packages_select_by_dep=None, packages_skip_by_dep=None, packages_skip_up_to=None, packages_select_build_failed=False, packages_skip_build_finished=False, packages_select_test_failures=False, packages_skip_test_passed=False, packages_select=None, packages_skip=None, packages_select_regex=None, packages_skip_regex=None, packages_start=None, packages_end=None, allow_overriding=[], cmake_args=None, cmake_target=None, cmake_target_skip_unavailable=False, cmake_clean_cache=False, cmake_clean_first=False, cmake_force_configure=False, ament_cmake_args=None, catkin_cmake_args=None, catkin_skip_building_tests=False, verb_parser=<colcon_defaults.argument_parser.defaults.DefaultArgumentsDecorator object at 0x7edead2fd690>, verb_extension=<colcon_core.verb.build.BuildVerb object at 0x7edead2fc850>, main=<bound method BuildVerb.main of <colcon_core.verb.build.BuildVerb object at 0x7edead2fc850>>)
[0.232s] Level 1:colcon.colcon_core.package_discovery:discover_packages(colcon_meta) check parameters
[0.232s] Level 1:colcon.colcon_core.package_discovery:discover_packages(recursive) check parameters
[0.232s] Level 1:colcon.colcon_core.package_discovery:discover_packages(ignore) check parameters
[0.232s] Level 1:colcon.colcon_core.package_discovery:discover_packages(path) check parameters
[0.232s] Level 1:colcon.colcon_core.package_discovery:discover_packages(colcon_meta) discover
[0.232s] Level 1:colcon.colcon_core.package_discovery:discover_packages(recursive) discover
[0.232s] INFO:colcon.colcon_core.package_discovery:Crawling recursively for packages in '/home/bedylmz/Desktop/hw4'
[0.232s] Level 1:colcon.colcon_core.package_identification:_identify(.) by extensions ['ignore', 'ignore_ament_install']
[0.232s] Level 1:colcon.colcon_core.package_identification:_identify(.) by extension 'ignore'
[0.232s] Level 1:colcon.colcon_core.package_identification:_identify(.) by extension 'ignore_ament_install'
[0.232s] Level 1:colcon.colcon_core.package_identification:_identify(.) by extensions ['colcon_pkg']
[0.232s] Level 1:colcon.colcon_core.package_identification:_identify(.) by extension 'colcon_pkg'
[0.232s] Level 1:colcon.colcon_core.package_identification:_identify(.) by extensions ['colcon_meta']
[0.232s] Level 1:colcon.colcon_core.package_identification:_identify(.) by extension 'colcon_meta'
[0.233s] Level 1:colcon.colcon_core.package_identification:_identify(.) by extensions ['ros']
[0.233s] Level 1:colcon.colcon_core.package_identification:_identify(.) by extension 'ros'
[0.242s] Level 1:colcon.colcon_core.package_identification:_identify(.) by extensions ['cmake', 'python']
[0.242s] Level 1:colcon.colcon_core.package_identification:_identify(.) by extension 'cmake'
[0.242s] Level 1:colcon.colcon_core.package_identification:_identify(.) by extension 'python'
[0.242s] Level 1:colcon.colcon_core.package_identification:_identify(.) by extensions ['python_setup_py']
[0.243s] Level 1:colcon.colcon_core.package_identification:_identify(.) by extension 'python_setup_py'
[0.243s] Level 1:colcon.colcon_core.package_identification:_identify(build) by extensions ['ignore', 'ignore_ament_install']
[0.243s] Level 1:colcon.colcon_core.package_identification:_identify(build) by extension 'ignore'
[0.243s] Level 1:colcon.colcon_core.package_identification:_identify(build) ignored
[0.243s] Level 1:colcon.colcon_core.package_identification:_identify(install) by extensions ['ignore', 'ignore_ament_install']
[0.243s] Level 1:colcon.colcon_core.package_identification:_identify(install) by extension 'ignore'
[0.243s] Level 1:colcon.colcon_core.package_identification:_identify(install) ignored
[0.243s] Level 1:colcon.colcon_core.package_identification:_identify(log) by extensions ['ignore', 'ignore_ament_install']
[0.243s] Level 1:colcon.colcon_core.package_identification:_identify(log) by extension 'ignore'
[0.243s] Level 1:colcon.colcon_core.package_identification:_identify(log) ignored
[0.243s] Level 1:colcon.colcon_core.package_identification:_identify(src) by extensions ['ignore', 'ignore_ament_install']
[0.243s] Level 1:colcon.colcon_core.package_identification:_identify(src) by extension 'ignore'
[0.244s] Level 1:colcon.colcon_core.package_identification:_identify(src) by extension 'ignore_ament_install'
[0.244s] Level 1:colcon.colcon_core.package_identification:_identify(src) by extensions ['colcon_pkg']
[0.244s] Level 1:colcon.colcon_core.package_identification:_identify(src) by extension 'colcon_pkg'
[0.244s] Level 1:colcon.colcon_core.package_identification:_identify(src) by extensions ['colcon_meta']
[0.244s] Level 1:colcon.colcon_core.package_identification:_identify(src) by extension 'colcon_meta'
[0.244s] Level 1:colcon.colcon_core.package_identification:_identify(src) by extensions ['ros']
[0.244s] Level 1:colcon.colcon_core.package_identification:_identify(src) by extension 'ros'
[0.244s] Level 1:colcon.colcon_core.package_identification:_identify(src) by extensions ['cmake', 'python']
[0.244s] Level 1:colcon.colcon_core.package_identification:_identify(src) by extension 'cmake'
[0.244s] Level 1:colcon.colcon_core.package_identification:_identify(src) by extension 'python'
[0.244s] Level 1:colcon.colcon_core.package_identification:_identify(src) by extensions ['python_setup_py']
[0.244s] Level 1:colcon.colcon_core.package_identification:_identify(src) by extension 'python_setup_py'
[0.244s] Level 1:colcon.colcon_core.package_identification:_identify(src/move_robot) by extensions ['ignore', 'ignore_ament_install']
[0.244s] Level 1:colcon.colcon_core.package_identification:_identify(src/move_robot) by extension 'ignore'
[0.244s] Level 1:colcon.colcon_core.package_identification:_identify(src/move_robot) by extension 'ignore_ament_install'
[0.244s] Level 1:colcon.colcon_core.package_identification:_identify(src/move_robot) by extensions ['colcon_pkg']
[0.244s] Level 1:colcon.colcon_core.package_identification:_identify(src/move_robot) by extension 'colcon_pkg'
[0.244s] Level 1:colcon.colcon_core.package_identification:_identify(src/move_robot) by extensions ['colcon_meta']
[0.244s] Level 1:colcon.colcon_core.package_identification:_identify(src/move_robot) by extension 'colcon_meta'
[0.244s] Level 1:colcon.colcon_core.package_identification:_identify(src/move_robot) by extensions ['ros']
[0.244s] Level 1:colcon.colcon_core.package_identification:_identify(src/move_robot) by extension 'ros'
[0.247s] DEBUG:colcon.colcon_core.package_identification:Package 'src/move_robot' with type 'ros.ament_python' and name 'move_robot'
[0.247s] Level 1:colcon.colcon_core.package_discovery:discover_packages(recursive) using defaults
[0.247s] Level 1:colcon.colcon_core.package_discovery:discover_packages(ignore) discover
[0.247s] Level 1:colcon.colcon_core.package_discovery:discover_packages(ignore) using defaults
[0.247s] Level 1:colcon.colcon_core.package_discovery:discover_packages(path) discover
[0.247s] Level 1:colcon.colcon_core.package_discovery:discover_packages(path) using defaults
[0.267s] Level 1:colcon.colcon_core.package_discovery:discover_packages(prefix_path) check parameters
[0.267s] Level 1:colcon.colcon_core.package_discovery:discover_packages(prefix_path) discover
[0.284s] DEBUG:colcon.colcon_installed_package_information.package_discovery:Found 1 installed packages in /home/bedylmz/Desktop/hw4/install
[0.284s] DEBUG:colcon.colcon_installed_package_information.package_discovery:Found 1 installed packages in /home/bedylmz/Desktop/ros2_ws/install
[0.286s] DEBUG:colcon.colcon_installed_package_information.package_discovery:Found 437 installed packages in /opt/ros/humble
[0.288s] Level 1:colcon.colcon_core.package_discovery:discover_packages(prefix_path) using defaults
[0.334s] Level 5:colcon.colcon_core.verb:set package 'move_robot' build argument 'cmake_args' from command line to 'None'
[0.335s] Level 5:colcon.colcon_core.verb:set package 'move_robot' build argument 'cmake_target' from command line to 'None'
[0.335s] Level 5:colcon.colcon_core.verb:set package 'move_robot' build argument 'cmake_target_skip_unavailable' from command line to 'False'
[0.335s] Level 5:colcon.colcon_core.verb:set package 'move_robot' build argument 'cmake_clean_cache' from command line to 'False'
[0.335s] Level 5:colcon.colcon_core.verb:set package 'move_robot' build argument 'cmake_clean_first' from command line to 'False'
[0.335s] Level 5:colcon.colcon_core.verb:set package 'move_robot' build argument 'cmake_force_configure' from command line to 'False'
[0.335s] Level 5:colcon.colcon_core.verb:set package 'move_robot' build argument 'ament_cmake_args' from command line to 'None'
[0.335s] Level 5:colcon.colcon_core.verb:set package 'move_robot' build argument 'catkin_cmake_args' from command line to 'None'
[0.335s] Level 5:colcon.colcon_core.verb:set package 'move_robot' build argument 'catkin_skip_building_tests' from command line to 'False'
[0.335s] DEBUG:colcon.colcon_core.verb:Building package 'move_robot' with the following arguments: {'ament_cmake_args': None, 'build_base': '/home/bedylmz/Desktop/hw4/build/move_robot', 'catkin_cmake_args': None, 'catkin_skip_building_tests': False, 'cmake_args': None, 'cmake_clean_cache': False, 'cmake_clean_first': False, 'cmake_force_configure': False, 'cmake_target': None, 'cmake_target_skip_unavailable': False, 'install_base': '/home/bedylmz/Desktop/hw4/install/move_robot', 'merge_install': False, 'path': '/home/bedylmz/Desktop/hw4/src/move_robot', 'symlink_install': True, 'test_result_base': None}
[0.335s] INFO:colcon.colcon_core.executor:Executing jobs using 'parallel' executor
[0.336s] DEBUG:colcon.colcon_parallel_executor.executor.parallel:run_until_complete
[0.336s] INFO:colcon.colcon_ros.task.ament_python.build:Building ROS package in '/home/bedylmz/Desktop/hw4/src/move_robot' with build type 'ament_python'
[0.336s] Level 1:colcon.colcon_core.shell:create_environment_hook('move_robot', 'ament_prefix_path')
[0.338s] INFO:colcon.colcon_core.plugin_system:Skipping extension 'colcon_core.shell.bat': Not used on non-Windows systems
[0.338s] INFO:colcon.colcon_core.shell:Creating environment hook '/home/bedylmz/Desktop/hw4/install/move_robot/share/move_robot/hook/ament_prefix_path.ps1'
[0.339s] INFO:colcon.colcon_core.shell:Creating environment descriptor '/home/bedylmz/Desktop/hw4/install/move_robot/share/move_robot/hook/ament_prefix_path.dsv'
[0.339s] INFO:colcon.colcon_core.shell:Creating environment hook '/home/bedylmz/Desktop/hw4/install/move_robot/share/move_robot/hook/ament_prefix_path.sh'
[0.340s] INFO:colcon.colcon_core.shell:Skip shell extension 'powershell' for command environment: Not usable outside of PowerShell
[0.340s] DEBUG:colcon.colcon_core.shell:Skip shell extension 'dsv' for command environment
[0.569s] INFO:colcon.colcon_core.task.python.build:Building Python package in '/home/bedylmz/Desktop/hw4/src/move_robot'
[0.569s] INFO:colcon.colcon_core.shell:Skip shell extension 'powershell' for command environment: Not usable outside of PowerShell
[0.569s] DEBUG:colcon.colcon_core.shell:Skip shell extension 'dsv' for command environment
[0.873s] DEBUG:colcon.colcon_core.event_handler.log_command:Invoking command in '/home/bedylmz/Desktop/hw4/build/move_robot': PYTHONPATH=/home/bedylmz/Desktop/hw4/build/move_robot/prefix_override:/usr/lib/python3/dist-packages/colcon_core/task/python/colcon_distutils_commands:/home/bedylmz/Desktop/hw4/install/move_robot/lib/python3.10/site-packages:${PYTHONPATH} /usr/bin/python3 -W ignore:setup.py install is deprecated -W ignore:easy_install command is deprecated setup.py develop --editable --build-directory /home/bedylmz/Desktop/hw4/build/move_robot/build --no-deps symlink_data
[1.310s] Level 1:colcon.colcon_core.shell:create_environment_hook('move_robot', 'pythonpath_develop')
[1.310s] INFO:colcon.colcon_core.shell:Creating environment hook '/home/bedylmz/Desktop/hw4/build/move_robot/share/move_robot/hook/pythonpath_develop.ps1'
[1.310s] DEBUG:colcon.colcon_core.event_handler.log_command:Invoked command in '/home/bedylmz/Desktop/hw4/build/move_robot' returned '0': PYTHONPATH=/home/bedylmz/Desktop/hw4/build/move_robot/prefix_override:/usr/lib/python3/dist-packages/colcon_core/task/python/colcon_distutils_commands:/home/bedylmz/Desktop/hw4/install/move_robot/lib/python3.10/site-packages:${PYTHONPATH} /usr/bin/python3 -W ignore:setup.py install is deprecated -W ignore:easy_install command is deprecated setup.py develop --editable --build-directory /home/bedylmz/Desktop/hw4/build/move_robot/build --no-deps symlink_data
[1.311s] INFO:colcon.colcon_core.shell:Creating environment descriptor '/home/bedylmz/Desktop/hw4/build/move_robot/share/move_robot/hook/pythonpath_develop.dsv'
[1.311s] INFO:colcon.colcon_core.shell:Creating environment hook '/home/bedylmz/Desktop/hw4/build/move_robot/share/move_robot/hook/pythonpath_develop.sh'
[1.313s] Level 1:colcon.colcon_core.environment:checking '/home/bedylmz/Desktop/hw4/install/move_robot' for CMake module files
[1.314s] Level 1:colcon.colcon_core.environment:checking '/home/bedylmz/Desktop/hw4/install/move_robot' for CMake config files
[1.314s] Level 1:colcon.colcon_core.environment:checking '/home/bedylmz/Desktop/hw4/install/move_robot/lib'
[1.315s] Level 1:colcon.colcon_core.environment:checking '/home/bedylmz/Desktop/hw4/install/move_robot/bin'
[1.315s] Level 1:colcon.colcon_core.environment:checking '/home/bedylmz/Desktop/hw4/install/move_robot/lib/pkgconfig/move_robot.pc'
[1.315s] Level 1:colcon.colcon_core.environment:checking '/home/bedylmz/Desktop/hw4/install/move_robot/lib/python3.10/site-packages'
[1.315s] Level 1:colcon.colcon_core.shell:create_environment_hook('move_robot', 'pythonpath')
[1.315s] INFO:colcon.colcon_core.shell:Creating environment hook '/home/bedylmz/Desktop/hw4/install/move_robot/share/move_robot/hook/pythonpath.ps1'
[1.316s] INFO:colcon.colcon_core.shell:Creating environment descriptor '/home/bedylmz/Desktop/hw4/install/move_robot/share/move_robot/hook/pythonpath.dsv'
[1.316s] INFO:colcon.colcon_core.shell:Creating environment hook '/home/bedylmz/Desktop/hw4/install/move_robot/share/move_robot/hook/pythonpath.sh'
[1.316s] Level 1:colcon.colcon_core.environment:checking '/home/bedylmz/Desktop/hw4/install/move_robot/bin'
[1.316s] Level 1:colcon.colcon_core.environment:create_environment_scripts_only(move_robot)
[1.317s] INFO:colcon.colcon_core.shell:Creating package script '/home/bedylmz/Desktop/hw4/install/move_robot/share/move_robot/package.ps1'
[1.317s] INFO:colcon.colcon_core.shell:Creating package descriptor '/home/bedylmz/Desktop/hw4/install/move_robot/share/move_robot/package.dsv'
[1.318s] INFO:colcon.colcon_core.shell:Creating package script '/home/bedylmz/Desktop/hw4/install/move_robot/share/move_robot/package.sh'
[1.318s] INFO:colcon.colcon_core.shell:Creating package script '/home/bedylmz/Desktop/hw4/install/move_robot/share/move_robot/package.bash'
[1.319s] INFO:colcon.colcon_core.shell:Creating package script '/home/bedylmz/Desktop/hw4/install/move_robot/share/move_robot/package.zsh'
[1.319s] Level 1:colcon.colcon_core.environment:create_file_with_runtime_dependencies(/home/bedylmz/Desktop/hw4/install/move_robot/share/colcon-core/packages/move_robot)
[1.320s] DEBUG:colcon.colcon_parallel_executor.executor.parallel:closing loop
[1.320s] DEBUG:colcon.colcon_parallel_executor.executor.parallel:loop closed
[1.320s] DEBUG:colcon.colcon_parallel_executor.executor.parallel:run_until_complete finished with '0'
[1.320s] DEBUG:colcon.colcon_core.event_reactor:joining thread
[1.325s] INFO:colcon.colcon_core.plugin_system:Skipping extension 'colcon_notification.desktop_notification.notify_send': Could not find 'notify-send'
[1.325s] INFO:colcon.colcon_core.plugin_system:Skipping extension 'colcon_notification.desktop_notification.terminal_notifier': Not used on non-Darwin systems
[1.325s] INFO:colcon.colcon_core.plugin_system:Skipping extension 'colcon_notification.desktop_notification.win32': Not used on non-Windows systems
[1.325s] INFO:colcon.colcon_notification.desktop_notification:Sending desktop notification using 'notify2'
[1.339s] DEBUG:colcon.colcon_core.event_reactor:joined thread
[1.339s] INFO:colcon.colcon_core.shell:Creating prefix script '/home/bedylmz/Desktop/hw4/install/local_setup.ps1'
[1.340s] INFO:colcon.colcon_core.shell:Creating prefix util module '/home/bedylmz/Desktop/hw4/install/_local_setup_util_ps1.py'
[1.341s] INFO:colcon.colcon_core.shell:Creating prefix chain script '/home/bedylmz/Desktop/hw4/install/setup.ps1'
[1.342s] INFO:colcon.colcon_core.shell:Creating prefix script '/home/bedylmz/Desktop/hw4/install/local_setup.sh'
[1.343s] INFO:colcon.colcon_core.shell:Creating prefix util module '/home/bedylmz/Desktop/hw4/install/_local_setup_util_sh.py'
[1.343s] INFO:colcon.colcon_core.shell:Creating prefix chain script '/home/bedylmz/Desktop/hw4/install/setup.sh'
[1.344s] INFO:colcon.colcon_core.shell:Creating prefix script '/home/bedylmz/Desktop/hw4/install/local_setup.bash'
[1.345s] INFO:colcon.colcon_core.shell:Creating prefix chain script '/home/bedylmz/Desktop/hw4/install/setup.bash'
[1.345s] INFO:colcon.colcon_core.shell:Creating prefix script '/home/bedylmz/Desktop/hw4/install/local_setup.zsh'
[1.346s] INFO:colcon.colcon_core.shell:Creating prefix chain script '/home/bedylmz/Desktop/hw4/install/setup.zsh'
